<?xml version="1.0" encoding="UTF-8"?>
<testng-results ignored="0" total="1" passed="1" failed="0" skipped="0">
  <reporter-output>
  </reporter-output>
  <suite started-at="2024-06-16T11:19:00 IST" name="All Test Suite" finished-at="2024-06-16T11:19:15 IST" duration-ms="14277">
    <groups>
    </groups>
    <test started-at="2024-06-16T11:19:00 IST" name="C:/Users/navin/IdeaProjects/clone repo for git exmple/TestNgPractice" finished-at="2024-06-16T11:19:15 IST" duration-ms="14277">
      <class name="generaloperations.Sample">
        <test-method signature="testcase4(java.lang.String,java.lang.String)[pri:0, instance:generaloperations.Sample@68267da0]" started-at="2024-06-16T11:19:00 IST" name="testcase4" finished-at="2024-06-16T11:19:15 IST" duration-ms="14160" status="PASS">
          <params>
            <param index="0">
              <value>
                <![CDATA[Pune]]>
              </value>
            </param>
            <param index="1">
              <value>
                <![CDATA[Maharashtra]]>
              </value>
            </param>
          </params>
          <reporter-output>
          </reporter-output>
        </test-method> <!-- testcase4 -->
      </class> <!-- generaloperations.Sample -->
    </test> <!-- C:/Users/navin/IdeaProjects/clone repo for git exmple/TestNgPractice -->
  </suite> <!-- All Test Suite -->
</testng-results>
